<?xml version="1.0" encoding="UTF-8" ?>
<testsuite tests="1" failures="1" name="com.springapp.mvc.AppTests" time="1.053" errors="0" skipped="0">
  <properties>
[...]
</properties>
  <testcase classname="com.springapp.mvc.AppTests" name="simple" time="0.247">
    <failure message="Status expected:&lt;200&gt; but was:&lt;404&gt;" type="java.lang.AssertionError">java.lang.AssertionError: Status expected:&lt;200&gt; but was:&lt;404&gt;
	at org.springframework.test.util.AssertionErrors.fail(AssertionErrors.java:60)
	at org.springframework.test.util.AssertionErrors.assertEquals(AssertionErrors.java:89)
	at org.springframework.test.web.servlet.result.StatusResultMatchers$10.match(StatusResultMatchers.java:652)
	at org.springframework.test.web.servlet.MockMvc$1.andExpect(MockMvc.java:153)
	at com.springapp.mvc.AppTests.simple(AppTests.java:36)
	at sun.reflect.NativeMethodAccessorImpl.invoke0(Native Method)
	at sun.reflect.NativeMethodAccessorImpl.invoke(NativeMethodAccessorImpl.java:62)
	at sun.reflect.DelegatingMethodAccessorImpl.invoke(DelegatingMethodAccessorImpl.java:43)
	at java.lang.reflect.Method.invoke(Method.java:483)
	at org.junit.runners.model.FrameworkMethod$1.runReflectiveCall(FrameworkMethod.java:47)
	at org.junit.internal.runners.model.ReflectiveCallable.run(ReflectiveCallable.java:12)
	at org.junit.runners.model.FrameworkMethod.invokeExplosively(FrameworkMethod.java:44)
	at org.junit.internal.runners.statements.InvokeMethod.evaluate(InvokeMethod.java:17)
	at org.junit.internal.runners.statements.RunBefores.evaluate(RunBefores.java:26)
	at org.springframework.test.context.junit4.statements.RunBeforeTestMethodCallbacks.evaluate(RunBeforeTestMethodCallbacks.java:72)
	at org.springframework.test.context.junit4.statements.RunAfterTestMethodCallbacks.evaluate(RunAfterTestMethodCallbacks.java:81)
	at org.springframework.test.context.junit4.statements.SpringRepeat.evaluate(SpringRepeat.java:72)
	at org.junit.runners.ParentRunner.runLeaf(ParentRunner.java:271)
	at org.springframework.test.context.junit4.SpringJUnit4ClassRunner.runChild(SpringJUnit4ClassRunner.java:216)
	at org.springframework.test.context.junit4.SpringJUnit4ClassRunner.runChild(SpringJUnit4ClassRunner.java:82)
	at org.junit.runners.ParentRunner$3.run(ParentRunner.java:238)
	at org.junit.runners.ParentRunner$1.schedule(ParentRunner.java:63)
	at org.junit.runners.ParentRunner.runChildren(ParentRunner.java:236)
	at org.junit.runners.ParentRunner.access$000(ParentRunner.java:53)
	at org.junit.runners.ParentRunner$2.evaluate(ParentRunner.java:229)
	at org.springframework.test.context.junit4.statements.RunBeforeTestClassCallbacks.evaluate(RunBeforeTestClassCallbacks.java:60)
	at org.springframework.test.context.junit4.statements.RunAfterTestClassCallbacks.evaluate(RunAfterTestClassCallbacks.java:67)
	at org.junit.runners.ParentRunner.run(ParentRunner.java:309)
	at org.springframework.test.context.junit4.SpringJUnit4ClassRunner.run(SpringJUnit4ClassRunner.java:162)
	at org.apache.maven.surefire.junit4.JUnit4TestSet.execute(JUnit4TestSet.java:53)
	at org.apache.maven.surefire.junit4.JUnit4Provider.executeTestSet(JUnit4Provider.java:123)
	at org.apache.maven.surefire.junit4.JUnit4Provider.invoke(JUnit4Provider.java:104)
	at sun.reflect.NativeMethodAccessorImpl.invoke0(Native Method)
	at sun.reflect.NativeMethodAccessorImpl.invoke(NativeMethodAccessorImpl.java:62)
	at sun.reflect.DelegatingMethodAccessorImpl.invoke(DelegatingMethodAccessorImpl.java:43)
	at java.lang.reflect.Method.invoke(Method.java:483)
	at org.apache.maven.surefire.util.ReflectionUtils.invokeMethodWithArray(ReflectionUtils.java:164)
	at org.apache.maven.surefire.booter.ProviderFactory$ProviderProxy.invoke(ProviderFactory.java:110)
	at org.apache.maven.surefire.booter.SurefireStarter.invokeProvider(SurefireStarter.java:175)
	at org.apache.maven.surefire.booter.SurefireStarter.runSuitesInProcessWhenForked(SurefireStarter.java:107)
	at org.apache.maven.surefire.booter.ForkedBooter.main(ForkedBooter.java:68)
</failure>
    <system-err>Sep 26, 2015 8:52:37 PM org.springframework.test.context.web.WebTestContextBootstrapper getDefaultTestExecutionListenerClassNames
INFO: Loaded default TestExecutionListener class names from location [META-INF/spring.factories]: [org.springframework.test.context.web.ServletTestExecutionListener, org.springframework.test.context.support.DependencyInjectionTestExecutionListener, org.springframework.test.context.support.DirtiesContextTestExecutionListener, org.springframework.test.context.transaction.TransactionalTestExecutionListener, org.springframework.test.context.jdbc.SqlScriptsTestExecutionListener]
Sep 26, 2015 8:52:37 PM org.springframework.test.context.web.WebTestContextBootstrapper instantiateListeners
INFO: Could not instantiate TestExecutionListener [org.springframework.test.context.transaction.TransactionalTestExecutionListener]. Specify custom listener classes or make the default listener classes (and their required dependencies) available. Offending class: [org/springframework/transaction/interceptor/TransactionAttributeSource]
Sep 26, 2015 8:52:37 PM org.springframework.test.context.web.WebTestContextBootstrapper instantiateListeners
INFO: Could not instantiate TestExecutionListener [org.springframework.test.context.jdbc.SqlScriptsTestExecutionListener]. Specify custom listener classes or make the default listener classes (and their required dependencies) available. Offending class: [org/springframework/transaction/interceptor/TransactionAttribute]
Sep 26, 2015 8:52:37 PM org.springframework.test.context.web.WebTestContextBootstrapper getTestExecutionListeners
INFO: Using TestExecutionListeners: [org.springframework.test.context.web.ServletTestExecutionListener@3f2a3a5, org.springframework.test.context.support.DependencyInjectionTestExecutionListener@4cb2c100, org.springframework.test.context.support.DirtiesContextTestExecutionListener@6fb554cc]
Sep 26, 2015 8:52:37 PM org.springframework.beans.factory.xml.XmlBeanDefinitionReader loadBeanDefinitions
INFO: Loading XML bean definitions from URL [file:src/main/webapp/WEB-INF/mvc-dispatcher-servlet.xml]
Sep 26, 2015 8:52:37 PM org.springframework.web.context.support.GenericWebApplicationContext prepareRefresh
INFO: Refreshing org.springframework.web.context.support.GenericWebApplicationContext@7ac7a4e4: startup date [Sat Sep 26 20:52:37 CST 2015]; root of context hierarchy
Sep 26, 2015 8:52:37 PM org.springframework.mock.web.MockServletContext log
INFO: Initializing Spring FrameworkServlet &apos;&apos;
Sep 26, 2015 8:52:37 PM org.springframework.test.web.servlet.TestDispatcherServlet initServletBean
INFO: FrameworkServlet &apos;&apos;: initialization started
Sep 26, 2015 8:52:37 PM org.springframework.web.servlet.mvc.annotation.DefaultAnnotationHandlerMapping registerHandler
INFO: Mapped URL path [/hello/world] onto handler &apos;helloController&apos;
Sep 26, 2015 8:52:37 PM org.springframework.web.servlet.mvc.annotation.DefaultAnnotationHandlerMapping registerHandler
INFO: Mapped URL path [/hello/world.*] onto handler &apos;helloController&apos;
Sep 26, 2015 8:52:37 PM org.springframework.web.servlet.mvc.annotation.DefaultAnnotationHandlerMapping registerHandler
INFO: Mapped URL path [/hello/world/] onto handler &apos;helloController&apos;
Sep 26, 2015 8:52:37 PM org.springframework.web.servlet.mvc.annotation.DefaultAnnotationHandlerMapping registerHandler
INFO: Mapped URL path [/login/login] onto handler &apos;loginController&apos;
Sep 26, 2015 8:52:37 PM org.springframework.web.servlet.mvc.annotation.DefaultAnnotationHandlerMapping registerHandler
INFO: Mapped URL path [/login/login.*] onto handler &apos;loginController&apos;
Sep 26, 2015 8:52:37 PM org.springframework.web.servlet.mvc.annotation.DefaultAnnotationHandlerMapping registerHandler
INFO: Mapped URL path [/login/login/] onto handler &apos;loginController&apos;
Sep 26, 2015 8:52:37 PM org.springframework.web.servlet.mvc.annotation.DefaultAnnotationHandlerMapping registerHandler
INFO: Mapped URL path [/User/userinfo] onto handler &apos;userInfoController&apos;
Sep 26, 2015 8:52:37 PM org.springframework.web.servlet.mvc.annotation.DefaultAnnotationHandlerMapping registerHandler
INFO: Mapped URL path [/User/userinfo.*] onto handler &apos;userInfoController&apos;
Sep 26, 2015 8:52:37 PM org.springframework.web.servlet.mvc.annotation.DefaultAnnotationHandlerMapping registerHandler
INFO: Mapped URL path [/User/userinfo/] onto handler &apos;userInfoController&apos;
Sep 26, 2015 8:52:37 PM org.springframework.test.web.servlet.TestDispatcherServlet initServletBean
INFO: FrameworkServlet &apos;&apos;: initialization completed in 187 ms
Sep 26, 2015 8:52:37 PM org.springframework.web.servlet.PageNotFound noHandlerFound
WARNING: No mapping found for HTTP request with URI [/] in DispatcherServlet with name &apos;&apos;
</system-err>
  </testcase>
</testsuite>